<?xml version="1.0" encoding="UTF-8"?>
<testng-results skipped="0" failed="0" ignored="2" total="3" passed="1">
  <reporter-output>
  </reporter-output>
  <suite name="Default suite" duration-ms="57698" started-at="2018-10-10T06:55:23Z" finished-at="2018-10-10T06:56:20Z">
    <groups>
    </groups>
    <test name="Default test" duration-ms="57698" started-at="2018-10-10T06:55:23Z" finished-at="2018-10-10T06:56:20Z">
      <class name="com.togel.tests.LoginTest">
        <test-method status="PASS" signature="baseTest()[pri:0, instance:com.togel.tests.LoginTest@4abdb505]" name="baseTest" is-config="true" duration-ms="35914" started-at="2018-10-10T06:55:23Z" finished-at="2018-10-10T06:55:59Z">
          <reporter-output>
          </reporter-output>
        </test-method> <!-- baseTest -->
        <test-method status="PASS" signature="loginTest()[pri:0, instance:com.togel.tests.LoginTest@4abdb505]" name="loginTest" duration-ms="21748" started-at="2018-10-10T06:55:59Z" finished-at="2018-10-10T06:56:20Z">
          <reporter-output>
          </reporter-output>
        </test-method> <!-- loginTest -->
        <test-method status="PASS" signature="EndTest()[pri:0, instance:com.togel.tests.LoginTest@4abdb505]" name="EndTest" is-config="true" duration-ms="1" started-at="2018-10-10T06:56:20Z" finished-at="2018-10-10T06:56:20Z">
          <reporter-output>
          </reporter-output>
        </test-method> <!-- EndTest -->
      </class> <!-- com.togel.tests.LoginTest -->
    </test> <!-- Default test -->
  </suite> <!-- Default suite -->
</testng-results>
