<?xml version="1.0" encoding="UTF-8"?>
<!-- Generated by org.testng.reporters.JUnitXMLReporter -->
<testsuite hostname="DESKTOP-P2IQJOQ" ignored="2" name="Default test" tests="1" failures="0" timestamp="10 Oct 2018 06:56:20 GMT" time="57.698" errors="0">
  <testcase name="loginTest" time="21.748" classname="com.togel.tests.LoginTest"/>
  <testcase name="@AfterTest EndTest" time="0.0" classname="com.togel.base.BaseTest">
    <ignored/>
  </testcase> <!-- @AfterTest EndTest -->
  <testcase name="@BeforeTest baseTest" time="0.0" classname="com.togel.base.BaseTest">
    <ignored/>
  </testcase> <!-- @BeforeTest baseTest -->
</testsuite> <!-- Default test -->
